生成启动时间为 2015/7/22 16:11:04。
     1>项目“D:\工作\VC程序\build\detect round\detect round\detect round.vcxproj”在节点 2 上(build 个目标)。
     1>InitializeBuildStatus:
         正在创建“Debug\detect round.unsuccessfulbuild”，因为已指定“AlwaysCreate”。
       ClCompile:
         d:\VS2010\VC\bin\CL.exe /c /ZI /nologo /W3 /WX- /Od /Oy- /D _MBCS /Gm /EHsc /RTC1 /MDd /GS /fp:precise /Zc:wchar_t /Zc:forScope /Fo"Debug\\" /Fd"Debug\vc100.pdb" /Gd /TP /analyze- /errorReport:prompt detectmain.cpp
         detectmain.cpp
     1>d:\工作\vc程序\build\detect round\detect round\detectmain.cpp(12): warning C4244: “初始化”: 从“double”转换到“int”，可能丢失数据
     1>d:\工作\vc程序\build\detect round\detect round\detectmain.cpp(13): warning C4244: “初始化”: 从“double”转换到“int”，可能丢失数据
     1>d:\工作\vc程序\build\detect round\detect round\detectmain.cpp(15): warning C4244: “参数”: 从“double”转换到“size_t”，可能丢失数据
     1>d:\工作\vc程序\build\detect round\detect round\detectmain.cpp(16): warning C4018: “<”: 有符号/无符号不匹配
     1>d:\工作\vc程序\build\detect round\detect round\detectmain.cpp(17): warning C4018: “<”: 有符号/无符号不匹配
     1>d:\工作\vc程序\build\detect round\detect round\detectmain.cpp(18): warning C4244: “参数”: 从“double”转换到“int”，可能丢失数据
     1>d:\工作\vc程序\build\detect round\detect round\detectmain.cpp(18): warning C4244: “参数”: 从“double”转换到“int”，可能丢失数据
     1>d:\工作\vc程序\build\detect round\detect round\detectmain.cpp(69): warning C4018: “<”: 有符号/无符号不匹配
     1>d:\工作\vc程序\build\detect round\detect round\detectmain.cpp(112): warning C4244: “=”: 从“double”转换到“int”，可能丢失数据
     1>d:\工作\vc程序\build\detect round\detect round\detectmain.cpp(113): warning C4244: “=”: 从“double”转换到“int”，可能丢失数据
     1>d:\工作\vc程序\build\detect round\detect round\detectmain.cpp(114): warning C4554: “&”: 检查运算符优先级可能存在的错误；使用圆括号阐明优先级
     1>d:\工作\vc程序\build\detect round\detect round\detectmain.cpp(114): warning C4554: “&”: 检查运算符优先级可能存在的错误；使用圆括号阐明优先级
     1>d:\工作\vc程序\build\detect round\detect round\detectmain.cpp(114): warning C4554: “&”: 检查运算符优先级可能存在的错误；使用圆括号阐明优先级
     1>d:\工作\vc程序\build\detect round\detect round\detectmain.cpp(116): warning C4244: “参数”: 从“double”转换到“unsigned int”，可能丢失数据
     1>d:\工作\vc程序\build\detect round\detect round\detectmain.cpp(148): warning C4244: “参数”: 从“double”转换到“unsigned int”，可能丢失数据
     1>d:\工作\vc程序\build\detect round\detect round\detectmain.cpp(150): warning C4244: “=”: 从“double”转换到“int”，可能丢失数据
     1>d:\工作\vc程序\build\detect round\detect round\detectmain.cpp(151): warning C4244: “=”: 从“double”转换到“int”，可能丢失数据
     1>d:\工作\vc程序\build\detect round\detect round\detectmain.cpp(158): warning C4244: “=”: 从“double”转换到“int”，可能丢失数据
     1>d:\工作\vc程序\build\detect round\detect round\detectmain.cpp(159): warning C4244: “=”: 从“double”转换到“int”，可能丢失数据
     1>d:\工作\vc程序\build\detect round\detect round\detectmain.cpp(164): warning C4244: “参数”: 从“double”转换到“int”，可能丢失数据
     1>d:\工作\vc程序\build\detect round\detect round\detectmain.cpp(165): warning C4244: “参数”: 从“double”转换到“int”，可能丢失数据
     1>d:\工作\vc程序\build\detect round\detect round\detectmain.cpp(166): warning C4244: “参数”: 从“double”转换到“int”，可能丢失数据
     1>d:\工作\vc程序\build\detect round\detect round\detectmain.cpp(167): warning C4244: “参数”: 从“double”转换到“int”，可能丢失数据
     1>d:\工作\vc程序\build\detect round\detect round\detectmain.cpp(183): warning C4244: “=”: 从“double”转换到“int”，可能丢失数据
     1>d:\工作\vc程序\build\detect round\detect round\detectmain.cpp(184): warning C4244: “=”: 从“double”转换到“int”，可能丢失数据
     1>d:\工作\vc程序\build\detect round\detect round\detectmain.cpp(185): warning C4244: “=”: 从“double”转换到“int”，可能丢失数据
     1>d:\工作\vc程序\build\detect round\detect round\detectmain.cpp(186): warning C4244: “=”: 从“double”转换到“int”，可能丢失数据
     1>d:\工作\vc程序\build\detect round\detect round\detectmain.cpp(209): warning C4018: “<”: 有符号/无符号不匹配
     1>d:\工作\vc程序\build\detect round\detect round\detectmain.cpp(193): warning C4101: “k”: 未引用的局部变量
       Link:
         d:\VS2010\VC\bin\link.exe /ERRORREPORT:PROMPT /OUT:"D:\工作\VC程序\build\detect round\Debug\detect round.exe" /NOLOGO opencv_calib3d2410d.lib opencv_contrib2410d.lib opencv_core2410d.lib opencv_features2d2410d.lib opencv_flann2410d.lib opencv_gpu2410d.lib opencv_highgui2410d.lib opencv_imgproc2410d.lib opencv_legacy2410d.lib opencv_ml2410d.lib opencv_objdetect2410d.lib opencv_ts2410d.lib opencv_video2410d.lib kernel32.lib user32.lib gdi32.lib winspool.lib comdlg32.lib advapi32.lib shell32.lib ole32.lib oleaut32.lib uuid.lib odbc32.lib odbccp32.lib /MANIFEST /ManifestFile:"Debug\detect round.exe.intermediate.manifest" /MANIFESTUAC:"level='asInvoker' uiAccess='false'" /DEBUG /PDB:"D:\工作\VC程序\build\detect round\Debug\detect round.pdb" /TLBID:1 /DYNAMICBASE /NXCOMPAT /IMPLIB:"D:\工作\VC程序\build\detect round\Debug\detect round.lib" /MACHINE:X86 Debug\detectmain.obj
         LINK : 没有找到 D:\工作\VC程序\build\detect round\Debug\detect round.exe 或上一个增量链接没有生成它；正在执行完全链接
         detect round.vcxproj -> D:\工作\VC程序\build\detect round\Debug\detect round.exe
       Manifest:
         C:\Program Files\Microsoft SDKs\Windows\v7.0A\bin\mt.exe /nologo /verbose /outputresource:"D:\工作\VC程序\build\detect round\Debug\detect round.exe;#1" /manifest "Debug\detect round.exe.intermediate.manifest"
       FinalizeBuildStatus:
         正在删除文件“Debug\detect round.unsuccessfulbuild”。
         正在对“Debug\detect round.lastbuildstate”执行 Touch 任务。
     1>已完成生成项目“D:\工作\VC程序\build\detect round\detect round\detect round.vcxproj”(build 个目标)的操作。

生成成功。

已用时间 00:00:01.76
