生成启动时间为 2015/8/25 11:22:13。
     1>项目“D:\工作\VC程序\build\detect_crossv2\detect_crossv2\detect_crossv2.vcxproj”在节点 2 上(build 个目标)。
     1>InitializeBuildStatus:
         正在创建“Release\detect_crossv2.unsuccessfulbuild”，因为已指定“AlwaysCreate”。
       ClCompile:
         d:\VS2010\VC\bin\CL.exe /c /Zi /nologo /W3 /WX- /O2 /Oi /Oy- /GL /D _MBCS /Gm- /EHsc /MD /GS /Gy /fp:precise /Zc:wchar_t /Zc:forScope /Fo"Release\\" /Fd"Release\vc100.pdb" /Gd /TP /analyze- /errorReport:prompt detectmain.cpp
         detectmain.cpp
     1>detectmain.cpp(57): warning C4018: “<”: 有符号/无符号不匹配
     1>detectmain.cpp(59): warning C4806: “^”: 不安全操作: 从类型“bool”提升到类型“int”的值不能等于给定的常量
     1>detectmain.cpp(59): warning C4554: “^”: 检查运算符优先级可能存在的错误；使用圆括号阐明优先级
     1>detectmain.cpp(135): warning C4018: “<”: 有符号/无符号不匹配
     1>detectmain.cpp(175): warning C4244: “=”: 从“double”转换到“int”，可能丢失数据
     1>detectmain.cpp(213): warning C4018: “<”: 有符号/无符号不匹配
     1>detectmain.cpp(224): warning C4018: “>”: 有符号/无符号不匹配
     1>detectmain.cpp(297): warning C4018: “<”: 有符号/无符号不匹配
     1>detectmain.cpp(332): warning C4018: “<”: 有符号/无符号不匹配
     1>detectmain.cpp(253): warning C4101: “num”: 未引用的局部变量
     1>detectmain.cpp(453): warning C4244: “参数”: 从“double”转换到“int”，可能丢失数据
     1>detectmain.cpp(453): warning C4244: “参数”: 从“double”转换到“int”，可能丢失数据
     1>detectmain.cpp(466): warning C4018: “<”: 有符号/无符号不匹配
     1>detectmain.cpp(523): warning C4018: “<”: 有符号/无符号不匹配
     1>detectmain.cpp(537): warning C4018: “<”: 有符号/无符号不匹配
     1>detectmain.cpp(557): warning C4554: “|”: 检查运算符优先级可能存在的错误；使用圆括号阐明优先级
     1>detectmain.cpp(575): warning C4018: “<”: 有符号/无符号不匹配
     1>detectmain.cpp(590): warning C4018: “<”: 有符号/无符号不匹配
     1>detectmain.cpp(595): warning C4018: “<”: 有符号/无符号不匹配
     1>detectmain.cpp(597): warning C4554: “&”: 检查运算符优先级可能存在的错误；使用圆括号阐明优先级
     1>detectmain.cpp(597): warning C4554: “&”: 检查运算符优先级可能存在的错误；使用圆括号阐明优先级
     1>detectmain.cpp(615): warning C4018: “<”: 有符号/无符号不匹配
     1>detectmain.cpp(621): warning C4018: “<”: 有符号/无符号不匹配
     1>detectmain.cpp(623): warning C4554: “&”: 检查运算符优先级可能存在的错误；使用圆括号阐明优先级
     1>detectmain.cpp(623): warning C4554: “&”: 检查运算符优先级可能存在的错误；使用圆括号阐明优先级
     1>detectmain.cpp(640): warning C4018: “<”: 有符号/无符号不匹配
     1>detectmain.cpp(642): warning C4554: “&”: 检查运算符优先级可能存在的错误；使用圆括号阐明优先级
     1>detectmain.cpp(642): warning C4554: “&”: 检查运算符优先级可能存在的错误；使用圆括号阐明优先级
     1>detectmain.cpp(661): warning C4018: “<”: 有符号/无符号不匹配
     1>detectmain.cpp(681): warning C4018: “<”: 有符号/无符号不匹配
     1>detectmain.cpp(683): warning C4554: “|”: 检查运算符优先级可能存在的错误；使用圆括号阐明优先级
     1>detectmain.cpp(721): warning C4018: “<”: 有符号/无符号不匹配
     1>detectmain.cpp(723): warning C4554: “|”: 检查运算符优先级可能存在的错误；使用圆括号阐明优先级
     1>detectmain.cpp(745): warning C4018: “<”: 有符号/无符号不匹配
     1>detectmain.cpp(766): warning C4018: “<”: 有符号/无符号不匹配
     1>detectmain.cpp(768): warning C4554: “|”: 检查运算符优先级可能存在的错误；使用圆括号阐明优先级
     1>detectmain.cpp(826): warning C4018: “<”: 有符号/无符号不匹配
     1>detectmain.cpp(831): warning C4244: “参数”: 从“double”转换到“int”，可能丢失数据
     1>detectmain.cpp(831): warning C4244: “参数”: 从“double”转换到“int”，可能丢失数据
     1>detectmain.cpp(831): warning C4244: “参数”: 从“double”转换到“int”，可能丢失数据
     1>detectmain.cpp(831): warning C4244: “参数”: 从“double”转换到“int”，可能丢失数据
     1>detectmain.cpp(832): warning C4244: “参数”: 从“double”转换到“int”，可能丢失数据
     1>detectmain.cpp(832): warning C4244: “参数”: 从“double”转换到“int”，可能丢失数据
     1>detectmain.cpp(832): warning C4244: “参数”: 从“double”转换到“int”，可能丢失数据
     1>detectmain.cpp(832): warning C4244: “参数”: 从“double”转换到“int”，可能丢失数据
       Link:
         d:\VS2010\VC\bin\link.exe /ERRORREPORT:PROMPT /OUT:"D:\工作\VC程序\build\detect_crossv2\Release\detect_crossv2.exe" /NOLOGO opencv_calib3d2410.lib opencv_contrib2410.lib opencv_core2410.lib opencv_features2d2410.lib opencv_flann2410.lib opencv_gpu2410.lib opencv_highgui2410.lib opencv_imgproc2410.lib opencv_legacy2410.lib opencv_ml2410.lib opencv_objdetect2410.lib opencv_ts2410.lib opencv_video2410.lib opencv_calib3d2410d.lib opencv_contrib2410d.lib opencv_core2410d.lib opencv_features2d2410d.lib opencv_flann2410d.lib opencv_gpu2410d.lib opencv_highgui2410d.lib opencv_imgproc2410d.lib opencv_legacy2410d.lib opencv_ml2410d.lib opencv_objdetect2410d.lib opencv_ts2410d.lib opencv_video2410d.lib kernel32.lib user32.lib gdi32.lib winspool.lib comdlg32.lib advapi32.lib shell32.lib ole32.lib oleaut32.lib uuid.lib odbc32.lib odbccp32.lib /MANIFEST /ManifestFile:"Release\detect_crossv2.exe.intermediate.manifest" /MANIFESTUAC:"level='asInvoker' uiAccess='false'" /DEBUG /PDB:"D:\工作\VC程序\build\detect_crossv2\Release\detect_crossv2.pdb" /OPT:REF /OPT:ICF /LTCG /TLBID:1 /DYNAMICBASE /NXCOMPAT /IMPLIB:"D:\工作\VC程序\build\detect_crossv2\Release\detect_crossv2.lib" /MACHINE:X86 Release\detectmain.obj
         正在生成代码
         已完成代码的生成
         detect_crossv2.vcxproj -> D:\工作\VC程序\build\detect_crossv2\Release\detect_crossv2.exe
       Manifest:
         C:\Program Files\Microsoft SDKs\Windows\v7.0A\bin\mt.exe /nologo /verbose /outputresource:"D:\工作\VC程序\build\detect_crossv2\Release\detect_crossv2.exe;#1" /manifest Release\detect_crossv2.exe.intermediate.manifest
       FinalizeBuildStatus:
         正在删除文件“Release\detect_crossv2.unsuccessfulbuild”。
         正在对“Release\detect_crossv2.lastbuildstate”执行 Touch 任务。
     1>已完成生成项目“D:\工作\VC程序\build\detect_crossv2\detect_crossv2\detect_crossv2.vcxproj”(build 个目标)的操作。

生成成功。

已用时间 00:00:03.71
